2025-09-05 17:14:16,799 - __main__ - INFO - Kite Connect initialized
2025-09-05 17:14:17,334 - __main__ - INFO - Fetched 12448 instruments for BSE
2025-09-05 17:14:17,411 - __main__ - INFO - Cached instruments to instrument_cache/instruments_bse.csv
2025-09-05 17:14:17,415 - __main__ - INFO - Instrument token for BSE:SENSEX: 265
2025-09-06 03:27:03,322 - __main__ - INFO - ✅ Loaded 3 weekly expiries
2025-09-06 03:27:03,343 - sensex_instrument - INFO - Loaded 12448 instruments from instrument_cache/instruments_bse.csv
2025-09-06 03:27:03,346 - __main__ - INFO - Using instrument token for BSE:SENSEX: 265
2025-09-06 03:27:03,704 - __main__ - ERROR - Error getting Sensex spot price: Incorrect `api_key` or `access_token`.
2025-09-06 03:27:03,725 - sensex_instrument - INFO - Loaded 12448 instruments from instrument_cache/instruments_bse.csv
2025-09-06 03:27:03,727 - __main__ - INFO - Using instrument token for BSE:SENSEX: 265
2025-09-06 03:27:03,728 - __main__ - ERROR - Error fetching historical Sensex price for 2025-09-02: name 'timedelta' is not defined
2025-09-06 03:27:03,728 - __main__ - INFO - Selected expiry: 2025-09-11, strike: 80800
2025-09-06 03:27:03,999 - __main__ - ERROR - Error fetching option prices: Incorrect `api_key` or `access_token`.
2025-09-06 03:27:04,019 - sensex_instrument - INFO - Loaded 12448 instruments from instrument_cache/instruments_bse.csv
2025-09-06 03:27:04,021 - __main__ - INFO - Using instrument token for BSE:SENSEX: 265
2025-09-06 03:27:04,620 - __main__ - ERROR - Error getting Sensex spot price: Incorrect `api_key` or `access_token`.
2025-09-06 03:38:16,976 - __main__ - INFO - ✅ Loaded 3 weekly expiries
2025-09-06 03:38:16,997 - sensex_instrument - INFO - Loaded 12448 instruments from instrument_cache/instruments_bse.csv
2025-09-06 03:38:17,000 - __main__ - INFO - Using instrument token for BSE:SENSEX: 265
2025-09-06 03:38:17,404 - __main__ - INFO - Live Sensex spot price: ₹80,710.76
2025-09-06 03:38:17,425 - sensex_instrument - INFO - Loaded 12448 instruments from instrument_cache/instruments_bse.csv
2025-09-06 03:38:17,427 - __main__ - INFO - Using instrument token for BSE:SENSEX: 265
2025-09-06 03:38:17,427 - __main__ - ERROR - Error fetching historical Sensex price for 2025-09-02: name 'timedelta' is not defined
2025-09-06 03:38:17,428 - __main__ - INFO - Selected expiry: 2025-09-11, strike: 80800
2025-09-06 03:38:17,976 - sensex_instrument - INFO - Loaded 12448 instruments from instrument_cache/instruments_bse.csv
2025-09-06 03:38:17,978 - __main__ - INFO - Using instrument token for BSE:SENSEX: 265
2025-09-06 03:38:18,578 - __main__ - INFO - Live Sensex spot price: ₹80,710.76
2025-09-06 04:01:19,409 - __main__ - INFO - ✅ Loaded 3 weekly expiries
2025-09-06 04:01:19,430 - sensex_instrument - INFO - Loaded 12448 instruments from instrument_cache/instruments_bse.csv
2025-09-06 04:01:19,433 - __main__ - INFO - Using instrument token for BSE:SENSEX: 265
2025-09-06 04:01:19,846 - __main__ - INFO - Live Sensex spot price: ₹80,710.76
2025-09-06 04:01:19,867 - sensex_instrument - INFO - Loaded 12448 instruments from instrument_cache/instruments_bse.csv
2025-09-06 04:01:19,869 - __main__ - INFO - Using instrument token for BSE:SENSEX: 265
2025-09-06 04:01:20,206 - __main__ - INFO - Historical Sensex spot price for 2025-09-02: ₹80,166.47
2025-09-06 04:01:20,207 - __main__ - INFO - Selected expiry: 2025-09-11, strike: 80800
2025-09-06 04:01:20,567 - sensex_instrument - INFO - Loaded 12448 instruments from instrument_cache/instruments_bse.csv
2025-09-06 04:01:20,569 - __main__ - INFO - Using instrument token for BSE:SENSEX: 265
2025-09-06 04:01:20,735 - __main__ - INFO - Live Sensex spot price: ₹80,710.76
2025-09-06 04:34:30,804 - __main__ - INFO - Kite Connect initialized
2025-09-06 04:34:30,825 - __main__ - INFO - Loaded 12448 instruments from instrument_cache/instruments_bse.csv
2025-09-06 04:34:30,827 - __main__ - INFO - Instrument token for BSE:SENSEX: 265
2025-09-06 04:34:31,902 - __main__ - ERROR - Error fetching historical data for token 265: Already tz-aware, use tz_convert to convert.
2025-09-06 04:34:47,095 - __main__ - INFO - Kite Connect initialized
2025-09-06 04:34:47,772 - __main__ - INFO - Fetched 4809 instruments for BFO
2025-09-06 04:34:47,809 - __main__ - INFO - Cached instruments to instrument_cache/instruments_bfo.csv
2025-09-06 04:34:47,811 - __main__ - INFO - Instrument token for SENSEX2591180500CE: 219952901
2025-09-06 04:34:49,441 - __main__ - ERROR - Error fetching historical data for token 219952901: Already tz-aware, use tz_convert to convert.
2025-09-06 04:38:50,734 - __main__ - INFO - Kite Connect initialized
2025-09-06 04:38:50,755 - __main__ - INFO - Loaded 12448 instruments from instrument_cache/instruments_bse.csv
2025-09-06 04:38:52,378 - __main__ - INFO - Cached instruments to instrument_cache/instruments_bse.csv
2025-09-06 04:38:52,384 - __main__ - ERROR - Could not find instrument token for BSE:SENSEX
2025-09-06 04:39:15,949 - __main__ - INFO - Kite Connect initialized
2025-09-06 04:39:15,960 - __main__ - INFO - Loaded 4809 instruments from instrument_cache/instruments_bfo.csv
2025-09-06 04:39:16,715 - __main__ - INFO - Saved historical data to /home/ubuntu/main_trading/option_data/SENSEX2591180500CE_2025-09-02.csv
2025-09-06 04:42:00,806 - __main__ - INFO - Kite Connect initialized
2025-09-06 04:42:00,828 - __main__ - INFO - Loaded 12779 instruments from instrument_cache/instruments_bse.csv
2025-09-06 04:42:01,939 - __main__ - INFO - Saved historical data to /home/ubuntu/main_trading/option_data/SENSEX_2025-09-02.csv
2025-09-06 04:48:00,599 - __main__ - INFO - Kite Connect initialized
2025-09-06 04:48:00,611 - __main__ - INFO - Loaded 4809 instruments from instrument_cache/instruments_bfo.csv
2025-09-06 04:48:01,466 - __main__ - INFO - Saved historical data to /home/ubuntu/main_trading/option_data/SENSEX2591180500PE_2025-09-02.csv
2025-09-06 04:57:52,777 - __main__ - INFO - Kite Connect initialized
2025-09-06 04:57:52,816 - __main__ - INFO - Loaded 12779 instruments from instrument_cache/instruments_bse.csv
2025-09-06 04:57:53,723 - __main__ - INFO - Saved historical data to /home/ubuntu/main_trading/option_data/SENSEX_2025-09-02.csv
2025-09-06 13:51:31,493 - __main__ - INFO - Kite Connect initialized
2025-09-06 13:51:31,515 - __main__ - INFO - Loaded 12779 instruments from instrument_cache/instruments_bse.csv
2025-09-06 13:51:31,519 - __main__ - ERROR - Both --from-date and --to-date are required for fetching historical data
2025-09-06 13:52:23,260 - __main__ - INFO - Kite Connect initialized
2025-09-06 13:52:23,282 - __main__ - INFO - Loaded 12779 instruments from instrument_cache/instruments_bse.csv
2025-09-06 13:52:23,669 - __main__ - INFO - Saved historical data to option_data/SENSEX_2025-09-01.csv
2025-09-06 16:58:11,234 - __main__ - INFO - Kite Connect initialized
2025-09-06 16:58:11,256 - __main__ - INFO - Loaded 12779 instruments from instrument_cache/instruments_bse.csv
2025-09-06 16:58:11,258 - __main__ - ERROR - Both --from-date and --to-date are required for fetching historical data
2025-09-06 16:58:18,997 - __main__ - INFO - Kite Connect initialized
2025-09-06 16:58:19,019 - __main__ - INFO - Loaded 12779 instruments from instrument_cache/instruments_bse.csv
2025-09-06 16:58:19,021 - __main__ - ERROR - Both --from-date and --to-date are required for fetching historical data
