Collecting kiteconnect==4.2.0
  Using cached kiteconnect-4.2.0-py3-none-any.whl (24 kB)
Collecting pandas<3.0,>=2.2.0
  Using cached pandas-2.3.2-cp310-cp310-manylinux_2_17_x86_64.manylinux2014_x86_64.whl (12.3 MB)
Collecting numpy<3.0,>=2.0
  Using cached numpy-2.2.6-cp310-cp310-manylinux_2_17_x86_64.manylinux2014_x86_64.whl (16.8 MB)
Collecting httpx==0.25.2
  Using cached httpx-0.25.2-py3-none-any.whl (74 kB)
Collecting httpcore==1.0.0
  Using cached httpcore-1.0.0-py3-none-any.whl (76 kB)
Collecting python-telegram-bot==20.7
  Using cached python_telegram_bot-20.7-py3-none-any.whl (552 kB)
Collecting python-dotenv==1.0.0
  Using cached python_dotenv-1.0.0-py3-none-any.whl (19 kB)
Collecting tenacity==8.2.3
  Using cached tenacity-8.2.3-py3-none-any.whl (24 kB)
Collecting aiosqlite==0.19.0
  Using cached aiosqlite-0.19.0-py3-none-any.whl (15 kB)
Collecting python-dateutil==2.8.2
  Using cached python_dateutil-2.8.2-py2.py3-none-any.whl (247 kB)
Collecting pytz==2023.3
  Using cached pytz-2023.3-py2.py3-none-any.whl (502 kB)
Collecting plotly==5.17.0
  Using cached plotly-5.17.0-py2.py3-none-any.whl (15.6 MB)
Collecting pytest==7.4.2
  Using cached pytest-7.4.2-py3-none-any.whl (324 kB)
Collecting black==23.7.0
  Using cached black-23.7.0-cp310-cp310-manylinux_2_17_x86_64.manylinux2014_x86_64.whl (1.7 MB)
Collecting requests>=2.18.4
  Using cached requests-2.32.5-py3-none-any.whl (64 kB)
Collecting pyOpenSSL>=17.5.0
  Downloading pyopenssl-25.3.0-py3-none-any.whl (57 kB)
     ━━━━━━━━━━━━━━━━━━━━━━━━━━━━━━━━━━━━━━━━ 57.3/57.3 KB 2.5 MB/s eta 0:00:00
Collecting six>=1.11.0
  Using cached six-1.17.0-py2.py3-none-any.whl (11 kB)
Collecting service-identity>=18.1.0
  Downloading service_identity-24.2.0-py3-none-any.whl (11 kB)
Collecting autobahn[twisted]==19.11.2
  Downloading autobahn-19.11.2-py2.py3-none-any.whl (771 kB)
     ━━━━━━━━━━━━━━━━━━━━━━━━━━━━━━━━━━━━━━━━ 771.5/771.5 KB 14.9 MB/s eta 0:00:00
Collecting idna
  Using cached idna-3.10-py3-none-any.whl (70 kB)
Collecting certifi
  Using cached certifi-2025.8.3-py3-none-any.whl (161 kB)
Collecting anyio
  Downloading anyio-4.10.0-py3-none-any.whl (107 kB)
     ━━━━━━━━━━━━━━━━━━━━━━━━━━━━━━━━━━━━━━━━ 107.2/107.2 KB 11.0 MB/s eta 0:00:00
Collecting sniffio
  Downloading sniffio-1.3.1-py3-none-any.whl (10 kB)
Collecting h11<0.15,>=0.13
  Using cached h11-0.14.0-py3-none-any.whl (58 kB)
Collecting packaging
  Using cached packaging-25.0-py3-none-any.whl (66 kB)
Collecting exceptiongroup>=1.0.0rc8
  Downloading exceptiongroup-1.3.0-py3-none-any.whl (16 kB)
Collecting tomli>=1.0.0
  Using cached tomli-2.2.1-py3-none-any.whl (14 kB)
Collecting iniconfig
  Downloading iniconfig-2.1.0-py3-none-any.whl (6.0 kB)
Collecting pluggy<2.0,>=0.12
  Using cached pluggy-1.6.0-py3-none-any.whl (20 kB)
Collecting mypy-extensions>=0.4.3
  Using cached mypy_extensions-1.1.0-py3-none-any.whl (5.0 kB)
Collecting click>=8.0.0
  Downloading click-8.3.0-py3-none-any.whl (107 kB)
     ━━━━━━━━━━━━━━━━━━━━━━━━━━━━━━━━━━━━━━━━ 107.3/107.3 KB 10.8 MB/s eta 0:00:00
Collecting platformdirs>=2
  Using cached platformdirs-4.4.0-py3-none-any.whl (18 kB)
Collecting pathspec>=0.9.0
  Using cached pathspec-0.12.1-py3-none-any.whl (31 kB)
Collecting cryptography>=2.7
  Downloading cryptography-46.0.1-cp38-abi3-manylinux_2_34_x86_64.whl (4.6 MB)
     ━━━━━━━━━━━━━━━━━━━━━━━━━━━━━━━━━━━━━━━━ 4.6/4.6 MB 38.9 MB/s eta 0:00:00
Collecting txaio>=18.8.1
  Downloading txaio-25.6.1-py2.py3-none-any.whl (31 kB)
Collecting zope.interface>=3.6.0
  Downloading zope_interface-8.0-cp310-cp310-manylinux1_x86_64.manylinux2014_x86_64.manylinux_2_17_x86_64.manylinux_2_5_x86_64.whl (254 kB)
     ━━━━━━━━━━━━━━━━━━━━━━━━━━━━━━━━━━━━━━━━ 254.2/254.2 KB 29.4 MB/s eta 0:00:00
Collecting Twisted>=12.1.0
  Downloading twisted-25.5.0-py3-none-any.whl (3.2 MB)
     ━━━━━━━━━━━━━━━━━━━━━━━━━━━━━━━━━━━━━━━━ 3.2/3.2 MB 79.2 MB/s eta 0:00:00
Collecting tzdata>=2022.7
  Using cached tzdata-2025.2-py2.py3-none-any.whl (347 kB)
Collecting typing-extensions>=4.6.0
  Using cached typing_extensions-4.15.0-py3-none-any.whl (44 kB)
Collecting urllib3<3,>=1.21.1
  Using cached urllib3-2.5.0-py3-none-any.whl (129 kB)
Collecting charset_normalizer<4,>=2
  Using cached charset_normalizer-3.4.3-cp310-cp310-manylinux2014_x86_64.manylinux_2_17_x86_64.manylinux_2_28_x86_64.whl (152 kB)
Collecting pyasn1
  Downloading pyasn1-0.6.1-py3-none-any.whl (83 kB)
     ━━━━━━━━━━━━━━━━━━━━━━━━━━━━━━━━━━━━━━━━ 83.1/83.1 KB 12.9 MB/s eta 0:00:00
Collecting attrs>=19.1.0
  Downloading attrs-25.3.0-py3-none-any.whl (63 kB)
     ━━━━━━━━━━━━━━━━━━━━━━━━━━━━━━━━━━━━━━━━ 63.8/63.8 KB 10.2 MB/s eta 0:00:00
Collecting pyasn1-modules
  Downloading pyasn1_modules-0.4.2-py3-none-any.whl (181 kB)
     ━━━━━━━━━━━━━━━━━━━━━━━━━━━━━━━━━━━━━━━━ 181.3/181.3 KB 25.2 MB/s eta 0:00:00
Collecting cffi>=2.0.0
  Using cached cffi-2.0.0-cp310-cp310-manylinux2014_x86_64.manylinux_2_17_x86_64.whl (216 kB)
Collecting incremental>=24.7.0
  Downloading incremental-24.7.2-py3-none-any.whl (20 kB)
Collecting hyperlink>=17.1.1
  Downloading hyperlink-21.0.0-py2.py3-none-any.whl (74 kB)
     ━━━━━━━━━━━━━━━━━━━━━━━━━━━━━━━━━━━━━━━━ 74.6/74.6 KB 12.2 MB/s eta 0:00:00
Collecting automat>=24.8.0
  Downloading automat-25.4.16-py3-none-any.whl (42 kB)
     ━━━━━━━━━━━━━━━━━━━━━━━━━━━━━━━━━━━━━━━━ 42.8/42.8 KB 6.3 MB/s eta 0:00:00
Collecting constantly>=15.1
  Downloading constantly-23.10.4-py3-none-any.whl (13 kB)
Collecting setuptools
  Using cached setuptools-80.9.0-py3-none-any.whl (1.2 MB)
Collecting pycparser
  Using cached pycparser-2.23-py3-none-any.whl (118 kB)
Installing collected packages: pytz, urllib3, tzdata, typing-extensions, txaio, tomli, tenacity, sniffio, six, setuptools, python-dotenv, pycparser, pyasn1, pluggy, platformdirs, pathspec, packaging, numpy, mypy-extensions, iniconfig, idna, h11, constantly, click, charset_normalizer, certifi, automat, attrs, aiosqlite, zope.interface, requests, python-dateutil, pyasn1-modules, plotly, incremental, hyperlink, httpcore, exceptiongroup, cffi, black, Twisted, pytest, pandas, cryptography, anyio, service-identity, pyOpenSSL, httpx, autobahn, python-telegram-bot, kiteconnect
  Attempting uninstall: pytz
    Found existing installation: pytz 2023.3
    Uninstalling pytz-2023.3:
      Successfully uninstalled pytz-2023.3
  Attempting uninstall: tzdata
    Found existing installation: tzdata 2025.2
    Uninstalling tzdata-2025.2:
      Successfully uninstalled tzdata-2025.2
  Attempting uninstall: typing-extensions
    Found existing installation: typing_extensions 4.14.1
    Uninstalling typing_extensions-4.14.1:
      Successfully uninstalled typing_extensions-4.14.1
  Attempting uninstall: txaio
    Found existing installation: txaio 25.6.1
    Uninstalling txaio-25.6.1:
      Successfully uninstalled txaio-25.6.1
  Attempting uninstall: tomli
    Found existing installation: tomli 2.2.1
    Uninstalling tomli-2.2.1:
      Successfully uninstalled tomli-2.2.1
  Attempting uninstall: tenacity
    Found existing installation: tenacity 8.2.3
    Uninstalling tenacity-8.2.3:
      Successfully uninstalled tenacity-8.2.3
  Attempting uninstall: sniffio
    Found existing installation: sniffio 1.3.1
    Uninstalling sniffio-1.3.1:
      Successfully uninstalled sniffio-1.3.1
  Attempting uninstall: setuptools
    Found existing installation: setuptools 80.9.0
    Uninstalling setuptools-80.9.0:
      Successfully uninstalled setuptools-80.9.0
  Attempting uninstall: python-dotenv
    Found existing installation: python-dotenv 1.0.0
    Uninstalling python-dotenv-1.0.0:
      Successfully uninstalled python-dotenv-1.0.0
  Attempting uninstall: pycparser
    Found existing installation: pycparser 2.22
    Uninstalling pycparser-2.22:
      Successfully uninstalled pycparser-2.22
  Attempting uninstall: pluggy
    Found existing installation: pluggy 1.6.0
    Uninstalling pluggy-1.6.0:
      Successfully uninstalled pluggy-1.6.0
  Attempting uninstall: platformdirs
    Found existing installation: platformdirs 4.4.0
    Uninstalling platformdirs-4.4.0:
      Successfully uninstalled platformdirs-4.4.0
  Attempting uninstall: pathspec
    Found existing installation: pathspec 0.12.1
    Uninstalling pathspec-0.12.1:
      Successfully uninstalled pathspec-0.12.1
  Attempting uninstall: packaging
    Found existing installation: packaging 25.0
    Uninstalling packaging-25.0:
      Successfully uninstalled packaging-25.0
  Attempting uninstall: numpy
    Found existing installation: numpy 2.2.6
    Uninstalling numpy-2.2.6:
      Successfully uninstalled numpy-2.2.6
  Attempting uninstall: mypy-extensions
    Found existing installation: mypy_extensions 1.1.0
    Uninstalling mypy_extensions-1.1.0:
      Successfully uninstalled mypy_extensions-1.1.0
  Attempting uninstall: h11
    Found existing installation: h11 0.14.0
    Uninstalling h11-0.14.0:
      Successfully uninstalled h11-0.14.0
  Attempting uninstall: click
    Found existing installation: click 8.2.1
    Uninstalling click-8.2.1:
      Successfully uninstalled click-8.2.1
  Attempting uninstall: charset_normalizer
    Found existing installation: charset-normalizer 3.4.2
    Uninstalling charset-normalizer-3.4.2:
      Successfully uninstalled charset-normalizer-3.4.2
  Attempting uninstall: aiosqlite
    Found existing installation: aiosqlite 0.19.0
    Uninstalling aiosqlite-0.19.0:
      Successfully uninstalled aiosqlite-0.19.0
  Attempting uninstall: requests
    Found existing installation: requests 2.32.4
    Uninstalling requests-2.32.4:
      Successfully uninstalled requests-2.32.4
  Attempting uninstall: python-dateutil
    Found existing installation: python-dateutil 2.8.2
    Uninstalling python-dateutil-2.8.2:
      Successfully uninstalled python-dateutil-2.8.2
  Attempting uninstall: plotly
    Found existing installation: plotly 5.17.0
    Uninstalling plotly-5.17.0:
      Successfully uninstalled plotly-5.17.0
  Attempting uninstall: httpcore
    Found existing installation: httpcore 1.0.0
    Uninstalling httpcore-1.0.0:
      Successfully uninstalled httpcore-1.0.0
  Attempting uninstall: exceptiongroup
    Found existing installation: exceptiongroup 1.3.0
    Uninstalling exceptiongroup-1.3.0:
      Successfully uninstalled exceptiongroup-1.3.0
  Attempting uninstall: cffi
    Found existing installation: cffi 1.17.1
    Uninstalling cffi-1.17.1:
      Successfully uninstalled cffi-1.17.1
  Attempting uninstall: black
    Found existing installation: black 23.7.0
    Uninstalling black-23.7.0:
      Successfully uninstalled black-23.7.0
  Attempting uninstall: pytest
    Found existing installation: pytest 7.4.2
    Uninstalling pytest-7.4.2:
      Successfully uninstalled pytest-7.4.2
  Attempting uninstall: pandas
    Found existing installation: pandas 2.3.2
    Uninstalling pandas-2.3.2:
      Successfully uninstalled pandas-2.3.2
  Attempting uninstall: anyio
    Found existing installation: anyio 4.9.0
    Uninstalling anyio-4.9.0:
      Successfully uninstalled anyio-4.9.0
  Attempting uninstall: httpx
    Found existing installation: httpx 0.25.2
    Uninstalling httpx-0.25.2:
      Successfully uninstalled httpx-0.25.2
  Attempting uninstall: autobahn
    Found existing installation: autobahn 19.11.2
    Uninstalling autobahn-19.11.2:
      Successfully uninstalled autobahn-19.11.2
  Attempting uninstall: python-telegram-bot
    Found existing installation: python-telegram-bot 20.7
    Uninstalling python-telegram-bot-20.7:
      Successfully uninstalled python-telegram-bot-20.7
  Attempting uninstall: kiteconnect
    Found existing installation: kiteconnect 4.2.0
    Uninstalling kiteconnect-4.2.0:
      Successfully uninstalled kiteconnect-4.2.0
Successfully installed Twisted-25.5.0 aiosqlite-0.19.0 anyio-4.10.0 attrs-25.3.0 autobahn-19.11.2 automat-25.4.16 black-23.7.0 certifi-2025.8.3 cffi-2.0.0 charset_normalizer-3.4.3 click-8.3.0 constantly-23.10.4 cryptography-46.0.1 exceptiongroup-1.3.0 h11-0.14.0 httpcore-1.0.0 httpx-0.25.2 hyperlink-21.0.0 idna-3.10 incremental-24.7.2 iniconfig-2.1.0 kiteconnect-4.2.0 mypy-extensions-1.1.0 numpy-2.2.6 packaging-25.0 pandas-2.3.2 pathspec-0.12.1 platformdirs-4.4.0 plotly-5.17.0 pluggy-1.6.0 pyOpenSSL-25.3.0 pyasn1-0.6.1 pyasn1-modules-0.4.2 pycparser-2.23 pytest-7.4.2 python-dateutil-2.8.2 python-dotenv-1.0.0 python-telegram-bot-20.7 pytz-2023.3 requests-2.32.5 service-identity-24.2.0 setuptools-80.9.0 six-1.17.0 sniffio-1.3.1 tenacity-8.2.3 tomli-2.2.1 txaio-25.6.1 typing-extensions-4.15.0 tzdata-2025.2 urllib3-2.5.0 zope.interface-8.0
