2025-09-07 18:12:59,242 IST - telegram_bot_handler - INFO - Starting Telegram bot listener...
2025-09-07 18:12:59,242 IST - __main__ - INFO - Telegram bot started
2025-09-07 18:12:59,623 IST - __main__ - INFO - Telegram message sent
2025-09-07 18:12:59,624 IST - __main__ - INFO - Scheduled daily authentication for 9:00 AM IST
2025-09-07 18:12:59,652 IST - telegram_bot_handler - INFO - Telegram message sent successfully
2025-09-07 18:13:00,062 IST - __main__ - INFO - Telegram message sent
2025-09-07 22:54:28,560 IST - telegram_bot_handler - INFO - Starting Telegram bot listener...
2025-09-07 22:54:28,560 IST - __main__ - INFO - Telegram bot started
2025-09-07 22:54:28,931 IST - __main__ - INFO - Telegram message sent
2025-09-07 22:54:28,932 IST - __main__ - INFO - Scheduled daily authentication for 9:00 AM IST
2025-09-07 22:54:28,938 IST - __main__ - INFO - Using server: http://sensexbot.ddns.net:8001
2025-09-07 22:54:28,994 IST - telegram_bot_handler - INFO - Telegram message sent successfully
2025-09-07 22:54:29,339 IST - __main__ - INFO - Telegram message sent
2025-09-07 22:56:06,452 IST - telegram_bot_handler - INFO - Starting Telegram bot listener...
2025-09-07 22:56:06,452 IST - __main__ - INFO - Telegram bot started
2025-09-07 22:56:06,853 IST - telegram_bot_handler - INFO - Telegram message sent successfully
2025-09-07 22:56:06,883 IST - __main__ - INFO - Telegram message sent
2025-09-07 22:56:06,883 IST - __main__ - INFO - Scheduled daily authentication for 9:00 AM IST
2025-09-07 22:56:06,900 IST - __main__ - INFO - Using server: http://sensexbot.ddns.net:8001
2025-09-07 22:56:07,123 IST - telegram_bot_handler - ERROR - Telegram getUpdates error: 409
2025-09-07 22:56:07,346 IST - __main__ - INFO - Telegram message sent
2025-09-07 22:56:11,292 IST - telegram_bot_handler - ERROR - Telegram getUpdates error: 409
2025-09-07 22:56:12,434 IST - telegram_bot_handler - ERROR - Telegram getUpdates error: 409
2025-09-07 22:56:16,566 IST - telegram_bot_handler - ERROR - Telegram getUpdates error: 409
2025-09-07 22:56:17,702 IST - telegram_bot_handler - ERROR - Telegram getUpdates error: 409
2025-09-07 22:56:21,834 IST - telegram_bot_handler - ERROR - Telegram getUpdates error: 409
2025-09-07 22:56:22,966 IST - telegram_bot_handler - ERROR - Telegram getUpdates error: 409
2025-09-07 22:56:27,114 IST - telegram_bot_handler - ERROR - Telegram getUpdates error: 409
2025-09-07 22:56:28,268 IST - telegram_bot_handler - ERROR - Telegram getUpdates error: 409
2025-09-07 22:56:32,399 IST - telegram_bot_handler - ERROR - Telegram getUpdates error: 409
2025-09-07 22:56:33,531 IST - telegram_bot_handler - ERROR - Telegram getUpdates error: 409
2025-09-07 22:56:37,662 IST - telegram_bot_handler - ERROR - Telegram getUpdates error: 409
2025-09-07 22:56:38,813 IST - telegram_bot_handler - ERROR - Telegram getUpdates error: 409
2025-09-07 22:56:42,946 IST - telegram_bot_handler - ERROR - Telegram getUpdates error: 409
2025-09-07 22:56:44,078 IST - telegram_bot_handler - ERROR - Telegram getUpdates error: 409
2025-09-07 22:56:48,211 IST - telegram_bot_handler - ERROR - Telegram getUpdates error: 409
2025-09-07 22:56:49,343 IST - telegram_bot_handler - ERROR - Telegram getUpdates error: 409
2025-09-07 22:56:53,476 IST - telegram_bot_handler - ERROR - Telegram getUpdates error: 409
2025-09-07 22:56:54,608 IST - telegram_bot_handler - ERROR - Telegram getUpdates error: 409
2025-09-07 22:56:58,739 IST - telegram_bot_handler - ERROR - Telegram getUpdates error: 409
2025-09-07 22:56:59,871 IST - telegram_bot_handler - ERROR - Telegram getUpdates error: 409
2025-09-07 22:57:04,001 IST - telegram_bot_handler - ERROR - Telegram getUpdates error: 409
2025-09-07 22:57:05,133 IST - telegram_bot_handler - ERROR - Telegram getUpdates error: 409
2025-09-07 22:57:09,266 IST - telegram_bot_handler - ERROR - Telegram getUpdates error: 409
2025-09-07 22:57:10,405 IST - telegram_bot_handler - ERROR - Telegram getUpdates error: 409
2025-09-07 22:57:14,539 IST - telegram_bot_handler - ERROR - Telegram getUpdates error: 409
2025-09-07 22:57:15,673 IST - telegram_bot_handler - ERROR - Telegram getUpdates error: 409
2025-09-07 22:57:19,804 IST - telegram_bot_handler - ERROR - Telegram getUpdates error: 409
2025-09-07 22:57:20,937 IST - telegram_bot_handler - ERROR - Telegram getUpdates error: 409
2025-09-07 22:57:25,078 IST - telegram_bot_handler - ERROR - Telegram getUpdates error: 409
2025-09-07 22:57:26,210 IST - telegram_bot_handler - ERROR - Telegram getUpdates error: 409
2025-09-07 22:57:30,344 IST - telegram_bot_handler - ERROR - Telegram getUpdates error: 409
2025-09-07 22:57:31,477 IST - telegram_bot_handler - ERROR - Telegram getUpdates error: 409
2025-09-07 22:57:35,606 IST - telegram_bot_handler - ERROR - Telegram getUpdates error: 409
2025-09-07 22:57:36,756 IST - telegram_bot_handler - ERROR - Telegram getUpdates error: 409
2025-09-07 22:57:40,890 IST - telegram_bot_handler - ERROR - Telegram getUpdates error: 409
2025-09-07 22:57:42,022 IST - telegram_bot_handler - ERROR - Telegram getUpdates error: 409
2025-09-07 22:57:46,153 IST - telegram_bot_handler - ERROR - Telegram getUpdates error: 409
2025-09-07 22:57:47,284 IST - telegram_bot_handler - ERROR - Telegram getUpdates error: 409
2025-09-07 22:57:51,422 IST - telegram_bot_handler - ERROR - Telegram getUpdates error: 409
2025-09-07 22:57:52,568 IST - telegram_bot_handler - ERROR - Telegram getUpdates error: 409
2025-09-07 22:57:56,701 IST - telegram_bot_handler - ERROR - Telegram getUpdates error: 409
2025-09-07 22:57:57,837 IST - telegram_bot_handler - ERROR - Telegram getUpdates error: 409
2025-09-07 22:58:01,976 IST - telegram_bot_handler - ERROR - Telegram getUpdates error: 409
2025-09-07 22:58:03,109 IST - telegram_bot_handler - ERROR - Telegram getUpdates error: 409
2025-09-07 22:58:07,241 IST - telegram_bot_handler - ERROR - Telegram getUpdates error: 409
2025-09-07 22:58:08,374 IST - telegram_bot_handler - ERROR - Telegram getUpdates error: 409
2025-09-07 22:58:12,508 IST - telegram_bot_handler - ERROR - Telegram getUpdates error: 409
2025-09-07 22:58:13,639 IST - telegram_bot_handler - ERROR - Telegram getUpdates error: 409
2025-09-07 22:58:17,772 IST - telegram_bot_handler - ERROR - Telegram getUpdates error: 409
2025-09-07 22:58:18,903 IST - telegram_bot_handler - ERROR - Telegram getUpdates error: 409
2025-09-07 22:58:23,036 IST - telegram_bot_handler - ERROR - Telegram getUpdates error: 409
2025-09-07 22:58:24,172 IST - telegram_bot_handler - ERROR - Telegram getUpdates error: 409
2025-09-07 22:58:28,308 IST - telegram_bot_handler - ERROR - Telegram getUpdates error: 409
2025-09-07 22:58:29,441 IST - telegram_bot_handler - ERROR - Telegram getUpdates error: 409
2025-09-07 22:58:33,575 IST - telegram_bot_handler - ERROR - Telegram getUpdates error: 409
2025-09-07 22:58:34,710 IST - telegram_bot_handler - ERROR - Telegram getUpdates error: 409
2025-09-07 22:58:38,846 IST - telegram_bot_handler - ERROR - Telegram getUpdates error: 409
2025-09-07 22:58:39,976 IST - telegram_bot_handler - ERROR - Telegram getUpdates error: 409
2025-09-07 22:58:44,114 IST - telegram_bot_handler - ERROR - Telegram getUpdates error: 409
2025-09-07 22:58:45,249 IST - telegram_bot_handler - ERROR - Telegram getUpdates error: 409
2025-09-07 22:58:49,386 IST - telegram_bot_handler - ERROR - Telegram getUpdates error: 409
2025-09-07 22:58:50,517 IST - telegram_bot_handler - ERROR - Telegram getUpdates error: 409
2025-09-07 22:58:54,654 IST - telegram_bot_handler - ERROR - Telegram getUpdates error: 409
2025-09-07 22:58:55,785 IST - telegram_bot_handler - ERROR - Telegram getUpdates error: 409
2025-09-07 22:58:59,918 IST - telegram_bot_handler - ERROR - Telegram getUpdates error: 409
2025-09-07 22:59:01,050 IST - telegram_bot_handler - ERROR - Telegram getUpdates error: 409
2025-09-07 22:59:05,184 IST - telegram_bot_handler - ERROR - Telegram getUpdates error: 409
2025-09-07 22:59:06,317 IST - telegram_bot_handler - ERROR - Telegram getUpdates error: 409
2025-09-07 22:59:10,455 IST - telegram_bot_handler - ERROR - Telegram getUpdates error: 409
2025-09-07 22:59:11,587 IST - telegram_bot_handler - ERROR - Telegram getUpdates error: 409
2025-09-07 22:59:15,720 IST - telegram_bot_handler - ERROR - Telegram getUpdates error: 409
2025-09-07 22:59:16,850 IST - telegram_bot_handler - ERROR - Telegram getUpdates error: 409
2025-09-07 22:59:20,985 IST - telegram_bot_handler - ERROR - Telegram getUpdates error: 409
2025-09-07 22:59:22,120 IST - telegram_bot_handler - ERROR - Telegram getUpdates error: 409
2025-09-07 22:59:26,254 IST - telegram_bot_handler - ERROR - Telegram getUpdates error: 409
2025-09-07 22:59:27,388 IST - telegram_bot_handler - ERROR - Telegram getUpdates error: 409
2025-09-07 22:59:31,519 IST - telegram_bot_handler - ERROR - Telegram getUpdates error: 409
2025-09-07 22:59:32,652 IST - telegram_bot_handler - ERROR - Telegram getUpdates error: 409
2025-09-07 22:59:36,784 IST - telegram_bot_handler - ERROR - Telegram getUpdates error: 409
2025-09-07 22:59:37,917 IST - telegram_bot_handler - ERROR - Telegram getUpdates error: 409
2025-09-07 22:59:42,063 IST - telegram_bot_handler - ERROR - Telegram getUpdates error: 409
2025-09-07 22:59:43,194 IST - telegram_bot_handler - ERROR - Telegram getUpdates error: 409
2025-09-07 22:59:47,325 IST - telegram_bot_handler - ERROR - Telegram getUpdates error: 409
2025-09-07 22:59:48,457 IST - telegram_bot_handler - ERROR - Telegram getUpdates error: 409
2025-09-07 22:59:52,592 IST - telegram_bot_handler - ERROR - Telegram getUpdates error: 409
2025-09-07 22:59:53,725 IST - telegram_bot_handler - ERROR - Telegram getUpdates error: 409
2025-09-07 22:59:57,860 IST - telegram_bot_handler - ERROR - Telegram getUpdates error: 409
2025-09-07 22:59:58,993 IST - telegram_bot_handler - ERROR - Telegram getUpdates error: 409
2025-09-07 23:00:03,153 IST - telegram_bot_handler - ERROR - Telegram getUpdates error: 409
2025-09-07 23:00:04,285 IST - telegram_bot_handler - ERROR - Telegram getUpdates error: 409
2025-09-07 23:00:08,421 IST - telegram_bot_handler - ERROR - Telegram getUpdates error: 409
2025-09-07 23:00:09,553 IST - telegram_bot_handler - ERROR - Telegram getUpdates error: 409
2025-09-07 23:00:13,683 IST - telegram_bot_handler - ERROR - Telegram getUpdates error: 409
2025-09-07 23:00:14,832 IST - telegram_bot_handler - ERROR - Telegram getUpdates error: 409
2025-09-07 23:00:18,973 IST - telegram_bot_handler - ERROR - Telegram getUpdates error: 409
2025-09-07 23:00:20,108 IST - telegram_bot_handler - ERROR - Telegram getUpdates error: 409
2025-09-07 23:00:24,245 IST - telegram_bot_handler - ERROR - Telegram getUpdates error: 409
2025-09-07 23:00:25,377 IST - telegram_bot_handler - ERROR - Telegram getUpdates error: 409
2025-09-07 23:00:29,513 IST - telegram_bot_handler - ERROR - Telegram getUpdates error: 409
2025-09-07 23:00:30,650 IST - telegram_bot_handler - ERROR - Telegram getUpdates error: 409
2025-09-07 23:00:34,782 IST - telegram_bot_handler - ERROR - Telegram getUpdates error: 409
2025-09-07 23:00:35,921 IST - telegram_bot_handler - ERROR - Telegram getUpdates error: 409
2025-09-07 23:00:40,052 IST - telegram_bot_handler - ERROR - Telegram getUpdates error: 409
2025-09-07 23:00:41,184 IST - telegram_bot_handler - ERROR - Telegram getUpdates error: 409
2025-09-07 23:00:45,317 IST - telegram_bot_handler - ERROR - Telegram getUpdates error: 409
2025-09-07 23:00:46,450 IST - telegram_bot_handler - ERROR - Telegram getUpdates error: 409
2025-09-07 23:00:50,581 IST - telegram_bot_handler - ERROR - Telegram getUpdates error: 409
2025-09-07 23:00:51,712 IST - telegram_bot_handler - ERROR - Telegram getUpdates error: 409
2025-09-07 23:00:55,853 IST - telegram_bot_handler - ERROR - Telegram getUpdates error: 409
2025-09-07 23:00:56,987 IST - telegram_bot_handler - ERROR - Telegram getUpdates error: 409
2025-09-07 23:01:01,121 IST - telegram_bot_handler - ERROR - Telegram getUpdates error: 409
2025-09-07 23:01:02,254 IST - telegram_bot_handler - ERROR - Telegram getUpdates error: 409
2025-09-07 23:01:06,391 IST - telegram_bot_handler - ERROR - Telegram getUpdates error: 409
2025-09-07 23:01:07,524 IST - telegram_bot_handler - ERROR - Telegram getUpdates error: 409
2025-09-07 23:01:11,657 IST - telegram_bot_handler - ERROR - Telegram getUpdates error: 409
2025-09-07 23:01:12,792 IST - telegram_bot_handler - ERROR - Telegram getUpdates error: 409
2025-09-07 23:01:16,926 IST - telegram_bot_handler - ERROR - Telegram getUpdates error: 409
2025-09-07 23:01:18,065 IST - telegram_bot_handler - ERROR - Telegram getUpdates error: 409
2025-09-07 23:01:22,200 IST - telegram_bot_handler - ERROR - Telegram getUpdates error: 409
2025-09-07 23:01:23,330 IST - telegram_bot_handler - ERROR - Telegram getUpdates error: 409
2025-09-07 23:01:27,467 IST - telegram_bot_handler - ERROR - Telegram getUpdates error: 409
2025-09-07 23:01:28,597 IST - telegram_bot_handler - ERROR - Telegram getUpdates error: 409
2025-09-07 23:01:32,731 IST - telegram_bot_handler - ERROR - Telegram getUpdates error: 409
2025-09-07 23:01:33,862 IST - telegram_bot_handler - ERROR - Telegram getUpdates error: 409
2025-09-07 23:01:37,996 IST - telegram_bot_handler - ERROR - Telegram getUpdates error: 409
2025-09-07 23:01:39,129 IST - telegram_bot_handler - ERROR - Telegram getUpdates error: 409
2025-09-07 23:01:43,262 IST - telegram_bot_handler - ERROR - Telegram getUpdates error: 409
2025-09-07 23:01:44,391 IST - telegram_bot_handler - ERROR - Telegram getUpdates error: 409
2025-09-07 23:01:48,527 IST - telegram_bot_handler - ERROR - Telegram getUpdates error: 409
2025-09-07 23:01:49,658 IST - telegram_bot_handler - ERROR - Telegram getUpdates error: 409
2025-09-07 23:01:53,796 IST - telegram_bot_handler - ERROR - Telegram getUpdates error: 409
2025-09-07 23:01:54,933 IST - telegram_bot_handler - ERROR - Telegram getUpdates error: 409
2025-09-07 23:01:59,069 IST - telegram_bot_handler - ERROR - Telegram getUpdates error: 409
2025-09-07 23:02:00,201 IST - telegram_bot_handler - ERROR - Telegram getUpdates error: 409
2025-09-07 23:02:04,338 IST - telegram_bot_handler - ERROR - Telegram getUpdates error: 409
2025-09-07 23:02:05,471 IST - telegram_bot_handler - ERROR - Telegram getUpdates error: 409
2025-09-07 23:02:09,606 IST - telegram_bot_handler - ERROR - Telegram getUpdates error: 409
2025-09-07 23:02:10,746 IST - telegram_bot_handler - ERROR - Telegram getUpdates error: 409
2025-09-07 23:02:14,878 IST - telegram_bot_handler - ERROR - Telegram getUpdates error: 409
2025-09-07 23:02:16,018 IST - telegram_bot_handler - ERROR - Telegram getUpdates error: 409
2025-09-07 23:02:20,156 IST - telegram_bot_handler - ERROR - Telegram getUpdates error: 409
2025-09-07 23:02:21,341 IST - telegram_bot_handler - ERROR - Telegram getUpdates error: 409
2025-09-07 23:02:25,474 IST - telegram_bot_handler - ERROR - Telegram getUpdates error: 409
2025-09-07 23:02:26,606 IST - telegram_bot_handler - ERROR - Telegram getUpdates error: 409
2025-09-07 23:02:30,738 IST - telegram_bot_handler - ERROR - Telegram getUpdates error: 409
2025-09-07 23:02:31,876 IST - telegram_bot_handler - ERROR - Telegram getUpdates error: 409
2025-09-07 23:02:36,010 IST - telegram_bot_handler - ERROR - Telegram getUpdates error: 409
2025-09-07 23:02:37,142 IST - telegram_bot_handler - ERROR - Telegram getUpdates error: 409
2025-09-07 23:02:41,284 IST - telegram_bot_handler - ERROR - Telegram getUpdates error: 409
2025-09-07 23:02:42,417 IST - telegram_bot_handler - ERROR - Telegram getUpdates error: 409
2025-09-07 23:02:46,556 IST - telegram_bot_handler - ERROR - Telegram getUpdates error: 409
2025-09-07 23:02:47,688 IST - telegram_bot_handler - ERROR - Telegram getUpdates error: 409
2025-09-07 23:02:51,824 IST - telegram_bot_handler - ERROR - Telegram getUpdates error: 409
2025-09-07 23:02:52,954 IST - telegram_bot_handler - ERROR - Telegram getUpdates error: 409
2025-09-07 23:02:57,088 IST - telegram_bot_handler - ERROR - Telegram getUpdates error: 409
2025-09-07 23:02:58,220 IST - telegram_bot_handler - ERROR - Telegram getUpdates error: 409
2025-09-07 23:03:02,360 IST - telegram_bot_handler - ERROR - Telegram getUpdates error: 409
2025-09-07 23:03:03,492 IST - telegram_bot_handler - ERROR - Telegram getUpdates error: 409
2025-09-07 23:03:07,624 IST - telegram_bot_handler - ERROR - Telegram getUpdates error: 409
2025-09-07 23:03:08,756 IST - telegram_bot_handler - ERROR - Telegram getUpdates error: 409
2025-09-07 23:03:12,889 IST - telegram_bot_handler - ERROR - Telegram getUpdates error: 409
2025-09-07 23:03:14,022 IST - telegram_bot_handler - ERROR - Telegram getUpdates error: 409
2025-09-07 23:03:18,156 IST - telegram_bot_handler - ERROR - Telegram getUpdates error: 409
2025-09-07 23:03:19,290 IST - telegram_bot_handler - ERROR - Telegram getUpdates error: 409
2025-09-07 23:03:23,424 IST - telegram_bot_handler - ERROR - Telegram getUpdates error: 409
2025-09-07 23:03:24,556 IST - telegram_bot_handler - ERROR - Telegram getUpdates error: 409
2025-09-07 23:03:28,687 IST - telegram_bot_handler - ERROR - Telegram getUpdates error: 409
2025-09-07 23:03:29,835 IST - telegram_bot_handler - ERROR - Telegram getUpdates error: 409
2025-09-07 23:03:33,974 IST - telegram_bot_handler - ERROR - Telegram getUpdates error: 409
2025-09-07 23:03:35,110 IST - telegram_bot_handler - ERROR - Telegram getUpdates error: 409
2025-09-07 23:03:39,248 IST - telegram_bot_handler - ERROR - Telegram getUpdates error: 409
2025-09-07 23:03:40,382 IST - telegram_bot_handler - ERROR - Telegram getUpdates error: 409
2025-09-07 23:03:44,520 IST - telegram_bot_handler - ERROR - Telegram getUpdates error: 409
2025-09-07 23:03:45,650 IST - telegram_bot_handler - ERROR - Telegram getUpdates error: 409
2025-09-07 23:03:49,781 IST - telegram_bot_handler - ERROR - Telegram getUpdates error: 409
2025-09-07 23:03:50,914 IST - telegram_bot_handler - ERROR - Telegram getUpdates error: 409
2025-09-07 23:03:55,062 IST - telegram_bot_handler - ERROR - Telegram getUpdates error: 409
2025-09-07 23:03:56,195 IST - telegram_bot_handler - ERROR - Telegram getUpdates error: 409
2025-09-07 23:04:00,388 IST - telegram_bot_handler - ERROR - Telegram getUpdates error: 409
2025-09-07 23:04:01,520 IST - telegram_bot_handler - ERROR - Telegram getUpdates error: 409
2025-09-07 23:04:05,658 IST - telegram_bot_handler - ERROR - Telegram getUpdates error: 409
2025-09-07 23:04:06,792 IST - telegram_bot_handler - ERROR - Telegram getUpdates error: 409
2025-09-07 23:04:10,925 IST - telegram_bot_handler - ERROR - Telegram getUpdates error: 409
2025-09-07 23:04:12,056 IST - telegram_bot_handler - ERROR - Telegram getUpdates error: 409
2025-09-07 23:04:16,196 IST - telegram_bot_handler - ERROR - Telegram getUpdates error: 409
2025-09-07 23:04:17,348 IST - telegram_bot_handler - ERROR - Telegram getUpdates error: 409
2025-09-07 23:04:21,488 IST - telegram_bot_handler - ERROR - Telegram getUpdates error: 409
2025-09-07 23:04:22,624 IST - telegram_bot_handler - ERROR - Telegram getUpdates error: 409
2025-09-07 23:04:26,759 IST - telegram_bot_handler - ERROR - Telegram getUpdates error: 409
2025-09-07 23:04:27,891 IST - telegram_bot_handler - ERROR - Telegram getUpdates error: 409
2025-09-07 23:04:32,026 IST - telegram_bot_handler - ERROR - Telegram getUpdates error: 409
2025-09-07 23:04:33,164 IST - telegram_bot_handler - ERROR - Telegram getUpdates error: 409
2025-09-07 23:04:37,297 IST - telegram_bot_handler - ERROR - Telegram getUpdates error: 409
2025-09-07 23:04:38,433 IST - telegram_bot_handler - ERROR - Telegram getUpdates error: 409
2025-09-07 23:04:42,616 IST - telegram_bot_handler - ERROR - Telegram getUpdates error: 409
2025-09-07 23:04:43,746 IST - telegram_bot_handler - ERROR - Telegram getUpdates error: 409
2025-09-07 23:04:47,902 IST - telegram_bot_handler - ERROR - Telegram getUpdates error: 409
2025-09-07 23:04:49,032 IST - telegram_bot_handler - ERROR - Telegram getUpdates error: 409
2025-09-07 23:04:53,170 IST - telegram_bot_handler - ERROR - Telegram getUpdates error: 409
2025-09-07 23:04:54,338 IST - telegram_bot_handler - ERROR - Telegram getUpdates error: 409
2025-09-07 23:04:58,487 IST - telegram_bot_handler - ERROR - Telegram getUpdates error: 409
2025-09-07 23:04:59,619 IST - telegram_bot_handler - ERROR - Telegram getUpdates error: 409
2025-09-07 23:05:03,750 IST - telegram_bot_handler - ERROR - Telegram getUpdates error: 409
2025-09-07 23:05:04,881 IST - telegram_bot_handler - ERROR - Telegram getUpdates error: 409
2025-09-07 23:05:09,015 IST - telegram_bot_handler - ERROR - Telegram getUpdates error: 409
2025-09-07 23:05:10,147 IST - telegram_bot_handler - ERROR - Telegram getUpdates error: 409
2025-09-07 23:05:14,287 IST - telegram_bot_handler - ERROR - Telegram getUpdates error: 409
2025-09-07 23:05:15,426 IST - telegram_bot_handler - ERROR - Telegram getUpdates error: 409
2025-09-07 23:05:19,561 IST - telegram_bot_handler - ERROR - Telegram getUpdates error: 409
2025-09-07 23:05:20,700 IST - telegram_bot_handler - ERROR - Telegram getUpdates error: 409
2025-09-07 23:05:24,840 IST - telegram_bot_handler - ERROR - Telegram getUpdates error: 409
2025-09-07 23:05:25,971 IST - telegram_bot_handler - ERROR - Telegram getUpdates error: 409
2025-09-07 23:05:30,104 IST - telegram_bot_handler - ERROR - Telegram getUpdates error: 409
2025-09-07 23:05:31,236 IST - telegram_bot_handler - ERROR - Telegram getUpdates error: 409
2025-09-07 23:05:35,368 IST - telegram_bot_handler - ERROR - Telegram getUpdates error: 409
2025-09-07 23:05:36,499 IST - telegram_bot_handler - ERROR - Telegram getUpdates error: 409
2025-09-07 23:05:40,632 IST - telegram_bot_handler - ERROR - Telegram getUpdates error: 409
2025-09-07 23:05:41,783 IST - telegram_bot_handler - ERROR - Telegram getUpdates error: 409
2025-09-07 23:05:45,917 IST - telegram_bot_handler - ERROR - Telegram getUpdates error: 409
2025-09-07 23:05:47,054 IST - telegram_bot_handler - ERROR - Telegram getUpdates error: 409
2025-09-07 23:05:51,191 IST - telegram_bot_handler - ERROR - Telegram getUpdates error: 409
2025-09-07 23:05:52,328 IST - telegram_bot_handler - ERROR - Telegram getUpdates error: 409
2025-09-07 23:05:56,460 IST - telegram_bot_handler - ERROR - Telegram getUpdates error: 409
2025-09-07 23:05:57,593 IST - telegram_bot_handler - ERROR - Telegram getUpdates error: 409
2025-09-07 23:06:01,726 IST - telegram_bot_handler - ERROR - Telegram getUpdates error: 409
2025-09-07 23:06:02,878 IST - telegram_bot_handler - ERROR - Telegram getUpdates error: 409
2025-09-07 23:06:07,016 IST - telegram_bot_handler - ERROR - Telegram getUpdates error: 409
2025-09-07 23:06:08,149 IST - telegram_bot_handler - ERROR - Telegram getUpdates error: 409
2025-09-07 23:06:12,285 IST - telegram_bot_handler - ERROR - Telegram getUpdates error: 409
2025-09-07 23:06:13,416 IST - telegram_bot_handler - ERROR - Telegram getUpdates error: 409
2025-09-07 23:06:17,547 IST - telegram_bot_handler - ERROR - Telegram getUpdates error: 409
2025-09-07 23:06:18,691 IST - telegram_bot_handler - ERROR - Telegram getUpdates error: 409
2025-09-07 23:06:22,898 IST - telegram_bot_handler - ERROR - Telegram getUpdates error: 409
2025-09-07 23:06:24,042 IST - telegram_bot_handler - ERROR - Telegram getUpdates error: 409
2025-09-07 23:06:28,174 IST - telegram_bot_handler - ERROR - Telegram getUpdates error: 409
2025-09-07 23:06:29,307 IST - telegram_bot_handler - ERROR - Telegram getUpdates error: 409
2025-09-07 23:06:33,441 IST - telegram_bot_handler - ERROR - Telegram getUpdates error: 409
2025-09-07 23:06:34,574 IST - telegram_bot_handler - ERROR - Telegram getUpdates error: 409
2025-09-07 23:06:38,727 IST - telegram_bot_handler - ERROR - Telegram getUpdates error: 409
2025-09-07 23:06:39,863 IST - telegram_bot_handler - ERROR - Telegram getUpdates error: 409
2025-09-07 23:06:43,997 IST - telegram_bot_handler - ERROR - Telegram getUpdates error: 409
2025-09-07 23:06:45,132 IST - telegram_bot_handler - ERROR - Telegram getUpdates error: 409
2025-09-07 23:06:49,271 IST - telegram_bot_handler - ERROR - Telegram getUpdates error: 409
2025-09-07 23:06:50,420 IST - telegram_bot_handler - ERROR - Telegram getUpdates error: 409
2025-09-07 23:06:54,550 IST - telegram_bot_handler - ERROR - Telegram getUpdates error: 409
2025-09-07 23:06:55,680 IST - telegram_bot_handler - ERROR - Telegram getUpdates error: 409
2025-09-07 23:06:59,812 IST - telegram_bot_handler - ERROR - Telegram getUpdates error: 409
2025-09-07 23:07:00,944 IST - telegram_bot_handler - ERROR - Telegram getUpdates error: 409
2025-09-07 23:07:05,077 IST - telegram_bot_handler - ERROR - Telegram getUpdates error: 409
2025-09-07 23:07:06,210 IST - telegram_bot_handler - ERROR - Telegram getUpdates error: 409
2025-09-07 23:07:10,340 IST - telegram_bot_handler - ERROR - Telegram getUpdates error: 409
2025-09-07 23:07:11,471 IST - telegram_bot_handler - ERROR - Telegram getUpdates error: 409
2025-09-07 23:07:15,614 IST - telegram_bot_handler - ERROR - Telegram getUpdates error: 409
2025-09-07 23:07:16,750 IST - telegram_bot_handler - ERROR - Telegram getUpdates error: 409
2025-09-07 23:07:20,887 IST - telegram_bot_handler - ERROR - Telegram getUpdates error: 409
2025-09-07 23:07:22,022 IST - telegram_bot_handler - ERROR - Telegram getUpdates error: 409
2025-09-07 23:07:26,153 IST - telegram_bot_handler - ERROR - Telegram getUpdates error: 409
2025-09-07 23:07:27,289 IST - telegram_bot_handler - ERROR - Telegram getUpdates error: 409
2025-09-07 23:07:31,421 IST - telegram_bot_handler - ERROR - Telegram getUpdates error: 409
2025-09-07 23:07:32,555 IST - telegram_bot_handler - ERROR - Telegram getUpdates error: 409
2025-09-07 23:07:36,691 IST - telegram_bot_handler - ERROR - Telegram getUpdates error: 409
2025-09-07 23:07:37,822 IST - telegram_bot_handler - ERROR - Telegram getUpdates error: 409
2025-09-07 23:07:41,970 IST - telegram_bot_handler - ERROR - Telegram getUpdates error: 409
2025-09-07 23:07:43,103 IST - telegram_bot_handler - ERROR - Telegram getUpdates error: 409
2025-09-07 23:07:47,239 IST - telegram_bot_handler - ERROR - Telegram getUpdates error: 409
2025-09-07 23:07:48,375 IST - telegram_bot_handler - ERROR - Telegram getUpdates error: 409
2025-09-07 23:07:52,508 IST - telegram_bot_handler - ERROR - Telegram getUpdates error: 409
2025-09-07 23:07:53,640 IST - telegram_bot_handler - ERROR - Telegram getUpdates error: 409
2025-09-07 23:07:57,777 IST - telegram_bot_handler - ERROR - Telegram getUpdates error: 409
2025-09-07 23:07:58,908 IST - telegram_bot_handler - ERROR - Telegram getUpdates error: 409
2025-09-07 23:08:03,040 IST - telegram_bot_handler - ERROR - Telegram getUpdates error: 409
2025-09-07 23:08:04,173 IST - telegram_bot_handler - ERROR - Telegram getUpdates error: 409
2025-09-07 23:08:08,305 IST - telegram_bot_handler - ERROR - Telegram getUpdates error: 409
2025-09-07 23:08:09,438 IST - telegram_bot_handler - ERROR - Telegram getUpdates error: 409
2025-09-07 23:08:13,571 IST - telegram_bot_handler - ERROR - Telegram getUpdates error: 409
2025-09-07 23:08:14,704 IST - telegram_bot_handler - ERROR - Telegram getUpdates error: 409
2025-09-07 23:08:18,836 IST - telegram_bot_handler - ERROR - Telegram getUpdates error: 409
2025-09-07 23:08:19,968 IST - telegram_bot_handler - ERROR - Telegram getUpdates error: 409
2025-09-07 23:08:24,106 IST - telegram_bot_handler - ERROR - Telegram getUpdates error: 409
2025-09-07 23:08:25,242 IST - telegram_bot_handler - ERROR - Telegram getUpdates error: 409
2025-09-07 23:08:29,375 IST - telegram_bot_handler - ERROR - Telegram getUpdates error: 409
2025-09-07 23:08:30,506 IST - telegram_bot_handler - ERROR - Telegram getUpdates error: 409
2025-09-07 23:08:34,639 IST - telegram_bot_handler - ERROR - Telegram getUpdates error: 409
2025-09-07 23:08:35,771 IST - telegram_bot_handler - ERROR - Telegram getUpdates error: 409
2025-09-07 23:08:39,908 IST - telegram_bot_handler - ERROR - Telegram getUpdates error: 409
2025-09-07 23:08:41,040 IST - telegram_bot_handler - ERROR - Telegram getUpdates error: 409
2025-09-07 23:08:45,172 IST - telegram_bot_handler - ERROR - Telegram getUpdates error: 409
2025-09-07 23:08:46,307 IST - telegram_bot_handler - ERROR - Telegram getUpdates error: 409
2025-09-07 23:08:50,447 IST - telegram_bot_handler - ERROR - Telegram getUpdates error: 409
2025-09-07 23:08:51,580 IST - telegram_bot_handler - ERROR - Telegram getUpdates error: 409
2025-09-07 23:08:55,715 IST - telegram_bot_handler - ERROR - Telegram getUpdates error: 409
2025-09-07 23:08:56,848 IST - telegram_bot_handler - ERROR - Telegram getUpdates error: 409
2025-09-07 23:09:00,981 IST - telegram_bot_handler - ERROR - Telegram getUpdates error: 409
2025-09-07 23:09:02,116 IST - telegram_bot_handler - ERROR - Telegram getUpdates error: 409
2025-09-07 23:09:06,251 IST - telegram_bot_handler - ERROR - Telegram getUpdates error: 409
2025-09-07 23:09:07,388 IST - telegram_bot_handler - ERROR - Telegram getUpdates error: 409
2025-09-07 23:09:11,523 IST - telegram_bot_handler - ERROR - Telegram getUpdates error: 409
2025-09-07 23:09:12,655 IST - telegram_bot_handler - ERROR - Telegram getUpdates error: 409
2025-09-07 23:09:16,788 IST - telegram_bot_handler - ERROR - Telegram getUpdates error: 409
2025-09-07 23:09:17,925 IST - telegram_bot_handler - ERROR - Telegram getUpdates error: 409
2025-09-07 23:09:22,058 IST - telegram_bot_handler - ERROR - Telegram getUpdates error: 409
2025-09-07 23:09:23,189 IST - telegram_bot_handler - ERROR - Telegram getUpdates error: 409
2025-09-07 23:09:27,321 IST - telegram_bot_handler - ERROR - Telegram getUpdates error: 409
2025-09-07 23:09:28,455 IST - telegram_bot_handler - ERROR - Telegram getUpdates error: 409
2025-09-07 23:09:32,587 IST - telegram_bot_handler - ERROR - Telegram getUpdates error: 409
2025-09-07 23:09:33,721 IST - telegram_bot_handler - ERROR - Telegram getUpdates error: 409
2025-09-07 23:09:37,858 IST - telegram_bot_handler - ERROR - Telegram getUpdates error: 409
2025-09-07 23:09:38,990 IST - telegram_bot_handler - ERROR - Telegram getUpdates error: 409
2025-09-07 23:09:43,122 IST - telegram_bot_handler - ERROR - Telegram getUpdates error: 409
2025-09-07 23:09:44,255 IST - telegram_bot_handler - ERROR - Telegram getUpdates error: 409
2025-09-07 23:09:48,388 IST - telegram_bot_handler - ERROR - Telegram getUpdates error: 409
2025-09-07 23:09:49,522 IST - telegram_bot_handler - ERROR - Telegram getUpdates error: 409
2025-09-07 23:09:53,656 IST - telegram_bot_handler - ERROR - Telegram getUpdates error: 409
2025-09-07 23:09:54,791 IST - telegram_bot_handler - ERROR - Telegram getUpdates error: 409
2025-09-07 23:09:58,926 IST - telegram_bot_handler - ERROR - Telegram getUpdates error: 409
2025-09-07 23:10:00,059 IST - telegram_bot_handler - ERROR - Telegram getUpdates error: 409
2025-09-07 23:10:04,196 IST - telegram_bot_handler - ERROR - Telegram getUpdates error: 409
2025-09-07 23:10:05,332 IST - telegram_bot_handler - ERROR - Telegram getUpdates error: 409
2025-09-07 23:10:09,465 IST - telegram_bot_handler - ERROR - Telegram getUpdates error: 409
2025-09-07 23:10:10,601 IST - telegram_bot_handler - ERROR - Telegram getUpdates error: 409
2025-09-07 23:10:14,732 IST - telegram_bot_handler - ERROR - Telegram getUpdates error: 409
2025-09-07 23:10:15,872 IST - telegram_bot_handler - ERROR - Telegram getUpdates error: 409
2025-09-07 23:10:20,005 IST - telegram_bot_handler - ERROR - Telegram getUpdates error: 409
2025-09-07 23:10:21,139 IST - telegram_bot_handler - ERROR - Telegram getUpdates error: 409
2025-09-07 23:10:25,272 IST - telegram_bot_handler - ERROR - Telegram getUpdates error: 409
2025-09-07 23:10:26,403 IST - telegram_bot_handler - ERROR - Telegram getUpdates error: 409
2025-09-07 23:10:30,539 IST - telegram_bot_handler - ERROR - Telegram getUpdates error: 409
2025-09-07 23:10:31,676 IST - telegram_bot_handler - ERROR - Telegram getUpdates error: 409
2025-09-07 23:10:35,811 IST - telegram_bot_handler - ERROR - Telegram getUpdates error: 409
2025-09-07 23:10:36,947 IST - telegram_bot_handler - ERROR - Telegram getUpdates error: 409
2025-09-07 23:10:41,079 IST - telegram_bot_handler - ERROR - Telegram getUpdates error: 409
2025-09-07 23:10:42,212 IST - telegram_bot_handler - ERROR - Telegram getUpdates error: 409
2025-09-07 23:10:46,346 IST - telegram_bot_handler - ERROR - Telegram getUpdates error: 409
2025-09-07 23:10:47,480 IST - telegram_bot_handler - ERROR - Telegram getUpdates error: 409
2025-09-07 23:10:51,611 IST - telegram_bot_handler - ERROR - Telegram getUpdates error: 409
2025-09-07 23:10:52,743 IST - telegram_bot_handler - ERROR - Telegram getUpdates error: 409
2025-09-07 23:10:56,889 IST - telegram_bot_handler - ERROR - Telegram getUpdates error: 409
2025-09-07 23:10:58,021 IST - telegram_bot_handler - ERROR - Telegram getUpdates error: 409
2025-09-07 23:11:02,154 IST - telegram_bot_handler - ERROR - Telegram getUpdates error: 409
2025-09-07 23:11:03,284 IST - telegram_bot_handler - ERROR - Telegram getUpdates error: 409
2025-09-07 23:11:07,418 IST - telegram_bot_handler - ERROR - Telegram getUpdates error: 409
2025-09-07 23:11:08,552 IST - telegram_bot_handler - ERROR - Telegram getUpdates error: 409
2025-09-07 23:11:12,684 IST - telegram_bot_handler - ERROR - Telegram getUpdates error: 409
2025-09-07 23:11:13,824 IST - telegram_bot_handler - ERROR - Telegram getUpdates error: 409
2025-09-07 23:11:17,955 IST - telegram_bot_handler - ERROR - Telegram getUpdates error: 409
2025-09-07 23:11:19,091 IST - telegram_bot_handler - ERROR - Telegram getUpdates error: 409
2025-09-07 23:11:23,224 IST - telegram_bot_handler - ERROR - Telegram getUpdates error: 409
2025-09-07 23:11:24,354 IST - telegram_bot_handler - ERROR - Telegram getUpdates error: 409
2025-09-07 23:11:28,493 IST - telegram_bot_handler - ERROR - Telegram getUpdates error: 409
2025-09-07 23:11:29,622 IST - telegram_bot_handler - ERROR - Telegram getUpdates error: 409
2025-09-07 23:11:33,754 IST - telegram_bot_handler - ERROR - Telegram getUpdates error: 409
2025-09-07 23:11:34,903 IST - telegram_bot_handler - ERROR - Telegram getUpdates error: 409
2025-09-07 23:11:39,033 IST - telegram_bot_handler - ERROR - Telegram getUpdates error: 409
2025-09-07 23:11:40,164 IST - telegram_bot_handler - ERROR - Telegram getUpdates error: 409
2025-09-07 23:11:44,297 IST - telegram_bot_handler - ERROR - Telegram getUpdates error: 409
2025-09-07 23:11:45,430 IST - telegram_bot_handler - ERROR - Telegram getUpdates error: 409
2025-09-07 23:11:49,563 IST - telegram_bot_handler - ERROR - Telegram getUpdates error: 409
2025-09-07 23:11:50,694 IST - telegram_bot_handler - ERROR - Telegram getUpdates error: 409
2025-09-07 23:11:54,826 IST - telegram_bot_handler - ERROR - Telegram getUpdates error: 409
2025-09-07 23:11:55,963 IST - telegram_bot_handler - ERROR - Telegram getUpdates error: 409
2025-09-07 23:12:00,096 IST - telegram_bot_handler - ERROR - Telegram getUpdates error: 409
2025-09-07 23:12:01,229 IST - telegram_bot_handler - ERROR - Telegram getUpdates error: 409
2025-09-07 23:12:05,363 IST - telegram_bot_handler - ERROR - Telegram getUpdates error: 409
2025-09-07 23:12:06,496 IST - telegram_bot_handler - ERROR - Telegram getUpdates error: 409
2025-09-07 23:12:10,627 IST - telegram_bot_handler - ERROR - Telegram getUpdates error: 409
2025-09-07 23:12:11,757 IST - telegram_bot_handler - ERROR - Telegram getUpdates error: 409
2025-09-07 23:12:15,888 IST - telegram_bot_handler - ERROR - Telegram getUpdates error: 409
2025-09-07 23:12:17,052 IST - telegram_bot_handler - ERROR - Telegram getUpdates error: 409
2025-09-07 23:12:21,184 IST - telegram_bot_handler - ERROR - Telegram getUpdates error: 409
2025-09-07 23:12:22,316 IST - telegram_bot_handler - ERROR - Telegram getUpdates error: 409
2025-09-07 23:12:26,449 IST - telegram_bot_handler - ERROR - Telegram getUpdates error: 409
2025-09-07 23:12:27,608 IST - telegram_bot_handler - ERROR - Telegram getUpdates error: 409
2025-09-07 23:12:31,739 IST - telegram_bot_handler - ERROR - Telegram getUpdates error: 409
2025-09-07 23:12:32,876 IST - telegram_bot_handler - ERROR - Telegram getUpdates error: 409
2025-09-07 23:12:37,009 IST - telegram_bot_handler - ERROR - Telegram getUpdates error: 409
2025-09-07 23:12:38,150 IST - telegram_bot_handler - ERROR - Telegram getUpdates error: 409
2025-09-07 23:12:42,284 IST - telegram_bot_handler - ERROR - Telegram getUpdates error: 409
2025-09-07 23:12:43,417 IST - telegram_bot_handler - ERROR - Telegram getUpdates error: 409
2025-09-07 23:12:47,550 IST - telegram_bot_handler - ERROR - Telegram getUpdates error: 409
2025-09-07 23:12:48,658 IST - telegram_bot_handler - ERROR - Telegram getUpdates error: 409
2025-09-07 23:12:52,791 IST - telegram_bot_handler - ERROR - Telegram getUpdates error: 409
2025-09-07 23:12:52,823 IST - telegram_bot_handler - ERROR - Telegram getUpdates error: 409
2025-09-07 23:12:56,956 IST - telegram_bot_handler - ERROR - Telegram getUpdates error: 409
2025-09-07 23:12:58,060 IST - telegram_bot_handler - ERROR - Telegram getUpdates error: 409
2025-09-07 23:13:02,193 IST - telegram_bot_handler - ERROR - Telegram getUpdates error: 409
2025-09-07 23:13:02,222 IST - telegram_bot_handler - ERROR - Telegram getUpdates error: 409
2025-09-07 23:13:06,355 IST - telegram_bot_handler - ERROR - Telegram getUpdates error: 409
2025-09-07 23:13:07,459 IST - telegram_bot_handler - ERROR - Telegram getUpdates error: 409
2025-09-07 23:13:11,592 IST - telegram_bot_handler - ERROR - Telegram getUpdates error: 409
2025-09-07 23:13:11,622 IST - telegram_bot_handler - ERROR - Telegram getUpdates error: 409
2025-09-07 23:13:15,772 IST - telegram_bot_handler - ERROR - Telegram getUpdates error: 409
2025-09-07 23:13:16,890 IST - telegram_bot_handler - ERROR - Telegram getUpdates error: 409
2025-09-07 23:13:21,023 IST - telegram_bot_handler - ERROR - Telegram getUpdates error: 409
2025-09-07 23:13:21,037 IST - telegram_bot_handler - ERROR - Telegram getUpdates error: 409
2025-09-07 23:13:25,169 IST - telegram_bot_handler - ERROR - Telegram getUpdates error: 409
2025-09-07 23:13:26,300 IST - telegram_bot_handler - ERROR - Telegram getUpdates error: 409
2025-09-07 23:13:30,434 IST - telegram_bot_handler - ERROR - Telegram getUpdates error: 409
2025-09-07 23:13:31,568 IST - telegram_bot_handler - ERROR - Telegram getUpdates error: 409
2025-09-07 23:13:34,578 IST - telegram_bot_handler - ERROR - Telegram getUpdates error: 409
2025-09-07 23:13:35,711 IST - telegram_bot_handler - ERROR - Telegram getUpdates error: 409
2025-09-07 23:13:39,836 IST - telegram_bot_handler - ERROR - Telegram getUpdates error: 409
2025-09-07 23:13:40,971 IST - telegram_bot_handler - ERROR - Telegram getUpdates error: 409
2025-09-07 23:13:43,984 IST - telegram_bot_handler - ERROR - Telegram getUpdates error: 409
2025-09-07 23:13:45,138 IST - telegram_bot_handler - ERROR - Telegram getUpdates error: 409
2025-09-07 23:13:49,240 IST - telegram_bot_handler - ERROR - Telegram getUpdates error: 409
2025-09-07 23:13:50,372 IST - telegram_bot_handler - ERROR - Telegram getUpdates error: 409
2025-09-07 23:13:53,409 IST - telegram_bot_handler - ERROR - Telegram getUpdates error: 409
